Microsoft (R)-Buildmodul, Version 12.0.40629.0
[Microsoft .NET Framework, Version 4.0.30319.42000]
Copyright (C) Microsoft Corporation. Alle Rechte vorbehalten.

Der Buildvorgang wurde am 28.01.2019 21:28:30 gestartet.
Projekt "C:\Users\Adrian\Desktop\Project-Xeon\xeon.vcxproj" auf Knoten "1" (Standardziele).
PrepareForBuild:
  Das Verzeichnis "release\" wird erstellt.
C:\Program Files (x86)\MSBuild\Microsoft.Cpp\v4.0\v120\Microsoft.CppBuild.targets(364,5): warning MSB8004: Output Directory does not end with a trailing slash.  This build instance will add the slash as it is required to allow proper evaluation of the Output Directory. [C:\Users\Adrian\Desktop\Project-Xeon\xeon.vcxproj]
  Das Verzeichnis "out\" wird erstellt.
  Das Verzeichnis "release\xeon.tlog\" wird erstellt.
InitializeBuildStatus:
  "release\xeon.tlog\unsuccessfulbuild" wird erstellt, da "AlwaysCreate" angegeben wurde.
ClCompile:
  C:\Program Files (x86)\Microsoft Visual Studio 12.0\VC\bin\CL.exe /c /Zi /nologo /W1 /WX- /O2 /Oy- /Gm- /EHsc /MD /GS /fp:precise /Zc:wchar_t /Zc:forScope /Fo"release\\" /Fd"release\vc120.pdb" /Gd /TP /analyze- /errorReport:queue main.cpp
  main.cpp
Link:
  C:\Program Files (x86)\Microsoft Visual Studio 12.0\VC\bin\link.exe /ERRORREPORT:QUEUE /OUT:"out\game.exe" /NOLOGO kernel32.lib user32.lib gdi32.lib winspool.lib comdlg32.lib advapi32.lib shell32.lib ole32.lib oleaut32.lib uuid.lib odbc32.lib odbccp32.lib /MANIFEST /MANIFESTUAC:"level='asInvoker' uiAccess='false'" /manifest:embed /PDB:"out\game.pdb" /TLBID:1 /DYNAMICBASE /NXCOMPAT /IMPLIB:"out\game.lib" /MACHINE:X86 /SAFESEH release\main.obj
  xeon.vcxproj -> C:\Users\Adrian\Desktop\Project-Xeon\out\game.exe
FinalizeBuildStatus:
  Die Datei "release\xeon.tlog\unsuccessfulbuild" wird gel”scht.
  Aktualisieren des Timestamps von "release\xeon.tlog\xeon.lastbuildstate".
Die Erstellung von Projekt "C:\Users\Adrian\Desktop\Project-Xeon\xeon.vcxproj" ist abgeschlossen (Standardziele).

Der Buildvorgang wurde erfolgreich ausgefhrt.

"C:\Users\Adrian\Desktop\Project-Xeon\xeon.vcxproj" (Standardziel) (1) ->
(PrepareForBuild Ziel) -> 
  C:\Program Files (x86)\MSBuild\Microsoft.Cpp\v4.0\v120\Microsoft.CppBuild.targets(364,5): warning MSB8004: Output Directory does not end with a trailing slash.  This build instance will add the slash as it is required to allow proper evaluation of the Output Directory. [C:\Users\Adrian\Desktop\Project-Xeon\xeon.vcxproj]

    1 Warnung(en)
    0 Fehler

Verstrichene Zeit 00:00:01.18
